<?xml version="1.0" encoding="utf-8"?><testsuites name="pytest tests"><testsuite name="pytest" errors="0" failures="0" skipped="0" tests="19" time="2.630" timestamp="2026-02-19T07:20:08.791208+00:00" hostname="agent-env-bd04dc77-c5bb-43ff-b387-dbfadcda80f0"><testcase classname="tests.test_process_flow.TestProcessStatusGet" name="test_get_process_status_returns_200" time="0.234" /><testcase classname="tests.test_process_flow.TestProcessStatusGet" name="test_process_status_has_required_fields" time="0.055" /><testcase classname="tests.test_process_flow.TestProcessStatusGet" name="test_process_status_has_5_stages" time="0.059" /><testcase classname="tests.test_process_flow.TestProcessStatusGet" name="test_stages_in_sequential_order" time="0.053" /><testcase classname="tests.test_process_flow.TestProcessStatusGet" name="test_process_status_has_4_deliverables" time="0.053" /><testcase classname="tests.test_process_flow.TestProcessStatusGet" name="test_stage_has_progress_fields" time="0.052" /><testcase classname="tests.test_process_flow.TestProcessStatusGet" name="test_first_stage_can_always_start" time="0.051" /><testcase classname="tests.test_process_flow.TestProcessStageUpdate" name="test_update_stage_completed_count" time="0.109" /><testcase classname="tests.test_process_flow.TestProcessStageUpdate" name="test_update_stage_auto_sets_status" time="0.104" /><testcase classname="tests.test_process_flow.TestProcessStageUpdate" name="test_mark_stage_complete_100_percent" time="0.157" /><testcase classname="tests.test_process_flow.TestProcessStageUpdate" name="test_next_stage_unlocks_when_previous_starts" time="0.110" /><testcase classname="tests.test_process_flow.TestProcessStageUpdate" name="test_invalid_stage_id_returns_400" time="0.055" /><testcase classname="tests.test_process_flow.TestDeliverableUpdate" name="test_update_deliverable_to_completed" time="0.109" /><testcase classname="tests.test_process_flow.TestDeliverableUpdate" name="test_update_deliverable_to_not_required" time="0.103" /><testcase classname="tests.test_process_flow.TestDeliverableUpdate" name="test_update_deliverable_to_pending" time="0.106" /><testcase classname="tests.test_process_flow.TestDeliverableUpdate" name="test_invalid_deliverable_id_returns_400" time="0.050" /><testcase classname="tests.test_process_flow.TestDeliverableUpdate" name="test_invalid_status_returns_400" time="0.049" /><testcase classname="tests.test_process_flow.TestOverallProgress" name="test_overall_progress_calculation" time="0.438" /><testcase classname="tests.test_process_flow.TestProcessFlowIntegration" name="test_complete_process_flow" time="0.612" /></testsuite></testsuites>