<?xml version="1.0" encoding="utf-8"?><testsuites name="pytest tests"><testsuite name="pytest" errors="0" failures="0" skipped="0" tests="19" time="2.949" timestamp="2026-02-19T11:51:00.654513+00:00" hostname="agent-env-2adb7539-20df-489e-9a02-ce5d3067288f"><testcase classname="tests.test_ledger_features.TestBurndownDashboard" name="test_burndown_returns_data" time="0.606" /><testcase classname="tests.test_ledger_features.TestBurndownDashboard" name="test_burndown_work_order_structure" time="0.067" /><testcase classname="tests.test_ledger_features.TestBurndownDashboard" name="test_burndown_specific_work_order" time="0.121" /><testcase classname="tests.test_ledger_features.TestTargetLedger" name="test_target_ledger_returns_data" time="0.117" /><testcase classname="tests.test_ledger_features.TestTargetLedger" name="test_target_ledger_job_role_structure" time="0.126" /><testcase classname="tests.test_ledger_features.TestTargetLedger" name="test_target_ledger_not_found" time="0.052" /><testcase classname="tests.test_ledger_features.TestTargetLedger" name="test_all_ledgers_endpoint" time="0.061" /><testcase classname="tests.test_ledger_features.TestAllocationValidation" name="test_validate_allocation_valid" time="0.116" /><testcase classname="tests.test_ledger_features.TestAllocationValidation" name="test_validate_allocation_over_allocation" time="0.110" /><testcase classname="tests.test_ledger_features.TestAllocationValidation" name="test_validate_allocation_invalid_work_order" time="0.050" /><testcase classname="tests.test_ledger_features.TestResourceAvailability" name="test_check_trainer_availability" time="0.108" /><testcase classname="tests.test_ledger_features.TestResourceAvailability" name="test_check_manager_availability" time="0.105" /><testcase classname="tests.test_ledger_features.TestResourceAvailability" name="test_check_invalid_resource_type" time="0.059" /><testcase classname="tests.test_ledger_features.TestResourceAvailability" name="test_check_nonexistent_resource" time="0.050" /><testcase classname="tests.test_ledger_features.TestResourceLocking" name="test_lock_and_release_trainer" time="0.278" /><testcase classname="tests.test_ledger_features.TestResourceLocking" name="test_double_booking_prevention" time="0.210" /><testcase classname="tests.test_ledger_features.TestResourceSummary" name="test_resource_summary_structure" time="0.056" /><testcase classname="tests.test_ledger_features.TestResourceSummary" name="test_resource_summary_counts_match" time="0.050" /><testcase classname="tests.test_ledger_features.TestResourceHistory" name="test_resource_history_endpoint" time="0.469" /></testsuite></testsuites>