<?xml version="1.0" encoding="utf-8"?><testsuites name="pytest tests"><testsuite name="pytest" errors="0" failures="0" skipped="0" tests="12" time="1.063" timestamp="2026-02-17T12:13:05.895270+00:00" hostname="agent-env-dd039d9e-6957-4f68-a2bc-1868b4eb1e14"><testcase classname="tests.test_skillflow_api.TestAuthEndpoints" name="test_auth_me_returns_user_data" time="0.193" /><testcase classname="tests.test_skillflow_api.TestDashboardEndpoints" name="test_dashboard_overview_returns_data" time="0.145" /><testcase classname="tests.test_skillflow_api.TestDashboardEndpoints" name="test_dashboard_sdc_summaries_have_required_fields" time="0.054" /><testcase classname="tests.test_skillflow_api.TestSDCDetailEndpoints" name="test_get_sdc_detail_gurugram" time="0.118" /><testcase classname="tests.test_skillflow_api.TestSDCDetailEndpoints" name="test_get_sdc_detail_jaipur" time="0.057" /><testcase classname="tests.test_skillflow_api.TestSDCDetailEndpoints" name="test_get_sdc_detail_delhi" time="0.056" /><testcase classname="tests.test_skillflow_api.TestSDCDetailEndpoints" name="test_get_sdc_detail_mumbai" time="0.069" /><testcase classname="tests.test_skillflow_api.TestSDCDetailEndpoints" name="test_get_sdc_detail_nonexistent_returns_404" time="0.053" /><testcase classname="tests.test_skillflow_api.TestWorkOrderEndpoints" name="test_create_work_order_success" time="0.054" /><testcase classname="tests.test_skillflow_api.TestWorkOrderEndpoints" name="test_list_work_orders" time="0.055" /><testcase classname="tests.test_skillflow_api.TestAlertsEndpoints" name="test_get_alerts" time="0.052" /><testcase classname="tests.test_skillflow_api.TestSDCListEndpoint" name="test_list_sdcs" time="0.086" /></testsuite></testsuites>