<?xml version="1.0" encoding="utf-8"?><testsuites name="pytest tests"><testsuite name="pytest" errors="0" failures="0" skipped="0" tests="9" time="1.476" timestamp="2026-02-18T07:37:00.471710+00:00" hostname="agent-env-bd04dc77-c5bb-43ff-b387-dbfadcda80f0"><testcase classname="backend.tests.test_skillflow_resources.TestAuthEndpoints" name="test_auth_me_returns_user" time="0.247" /><testcase classname="backend.tests.test_skillflow_resources.TestInfrastructureEndpoints" name="test_list_available_infrastructure" time="0.100" /><testcase classname="backend.tests.test_skillflow_resources.TestInfrastructureEndpoints" name="test_list_all_infrastructure" time="0.115" /><testcase classname="backend.tests.test_skillflow_resources.TestInfrastructureEndpoints" name="test_infrastructure_assign_and_release" time="0.305" /><testcase classname="backend.tests.test_skillflow_resources.TestManagerEndpoints" name="test_list_available_managers" time="0.118" /><testcase classname="backend.tests.test_skillflow_resources.TestMasterDataEndpoints" name="test_list_job_roles" time="0.139" /><testcase classname="backend.tests.test_skillflow_resources.TestMasterDataEndpoints" name="test_list_master_work_orders" time="0.106" /><testcase classname="backend.tests.test_skillflow_resources.TestSDCCreationFromMaster" name="test_get_master_work_order_details" time="0.164" /><testcase classname="backend.tests.test_skillflow_resources.TestResourcesSummary" name="test_resources_summary" time="0.113" /></testsuite></testsuites>