<?xml version="1.0" encoding="utf-8"?><testsuites name="pytest tests"><testsuite name="pytest" errors="0" failures="2" skipped="0" tests="14" time="2.149" timestamp="2026-02-19T12:01:00.064528+00:00" hostname="agent-env-2adb7539-20df-489e-9a02-ce5d3067288f"><testcase classname="backend.tests.test_rbac_and_calendar.TestRefinedRBAC" name="test_ho_can_access_any_sdc" time="0.232" /><testcase classname="backend.tests.test_rbac_and_calendar.TestRefinedRBAC" name="test_ho_can_update_any_sdc_process_stage" time="0.238"><failure message="AssertionError: HO should update any SDC: {&quot;detail&quot;:&quot;SDC not found&quot;}&#10;assert 404 == 200&#10; +  where 404 = &lt;Response [404]&gt;.status_code">backend/tests/test_rbac_and_calendar.py:58: in test_ho_can_update_any_sdc_process_stage
    assert response.status_code == 200, f"HO should update any SDC: {response.text}"
E   AssertionError: HO should update any SDC: {"detail":"SDC not found"}
E   assert 404 == 200
E    +  where 404 = &lt;Response [404]&gt;.status_code</failure></testcase><testcase classname="backend.tests.test_rbac_and_calendar.TestRefinedRBAC" name="test_manager_can_read_all_sdcs" time="0.150" /><testcase classname="backend.tests.test_rbac_and_calendar.TestRefinedRBAC" name="test_manager_can_update_assigned_sdc" time="0.113"><failure message="AssertionError: Manager should update assigned SDC: {&quot;detail&quot;:&quot;SDC not found&quot;}&#10;assert 404 == 200&#10; +  where 404 = &lt;Response [404]&gt;.status_code">backend/tests/test_rbac_and_calendar.py:78: in test_manager_can_update_assigned_sdc
    assert response.status_code == 200, f"Manager should update assigned SDC: {response.text}"
E   AssertionError: Manager should update assigned SDC: {"detail":"SDC not found"}
E   assert 404 == 200
E    +  where 404 = &lt;Response [404]&gt;.status_code</failure></testcase><testcase classname="backend.tests.test_rbac_and_calendar.TestRefinedRBAC" name="test_manager_cannot_update_unassigned_sdc" time="0.138" /><testcase classname="backend.tests.test_rbac_and_calendar.TestRefinedRBAC" name="test_manager_cannot_update_deliverable_on_unassigned_sdc" time="0.127" /><testcase classname="backend.tests.test_rbac_and_calendar.TestResourceCalendarAPI" name="test_resource_calendar_endpoint_exists" time="0.127" /><testcase classname="backend.tests.test_rbac_and_calendar.TestResourceCalendarAPI" name="test_resource_calendar_grouped_structure" time="0.171" /><testcase classname="backend.tests.test_rbac_and_calendar.TestResourceCalendarAPI" name="test_resource_calendar_summary_structure" time="0.144" /><testcase classname="backend.tests.test_rbac_and_calendar.TestResourceCalendarAPI" name="test_resource_calendar_filter_by_type" time="0.148" /><testcase classname="backend.tests.test_rbac_and_calendar.TestResourceCalendarAPI" name="test_resource_calendar_resource_structure" time="0.119" /><testcase classname="backend.tests.test_rbac_and_calendar.TestResourceRelease" name="test_resource_release_endpoint_exists" time="0.109" /><testcase classname="backend.tests.test_rbac_and_calendar.TestResourceRelease" name="test_resource_release_requires_ho_role" time="0.107" /><testcase classname="backend.tests.test_rbac_and_calendar.TestResourceCalendarIntegration" name="test_calendar_shows_assigned_resources_with_sdc_info" time="0.123" /></testsuite></testsuites>