<?xml version="1.0" encoding="utf-8"?><testsuites name="pytest tests"><testsuite name="pytest" errors="0" failures="0" skipped="0" tests="12" time="2.486" timestamp="2026-02-19T06:54:05.734341+00:00" hostname="agent-env-bd04dc77-c5bb-43ff-b387-dbfadcda80f0"><testcase classname="backend.tests.test_allocation_tracking.TestAllocationStatusEndpoint" name="test_allocation_status_returns_200" time="0.194" /><testcase classname="backend.tests.test_allocation_tracking.TestAllocationStatusEndpoint" name="test_allocation_status_job_role_details" time="0.184" /><testcase classname="backend.tests.test_allocation_tracking.TestAllocationStatusEndpoint" name="test_allocation_status_404_for_invalid_id" time="0.131" /><testcase classname="backend.tests.test_allocation_tracking.TestAllocationStatusEndpoint" name="test_allocation_status_requires_auth" time="0.130" /><testcase classname="backend.tests.test_allocation_tracking.TestAllocationStatusEndpoint" name="test_total_remaining_calculation" time="0.168" /><testcase classname="backend.tests.test_allocation_tracking.TestSDCCreationWithAllocation" name="test_sdc_creation_endpoint_exists" time="0.154" /><testcase classname="backend.tests.test_allocation_tracking.TestSDCCreationWithAllocation" name="test_available_infrastructure_endpoint" time="0.103" /><testcase classname="backend.tests.test_allocation_tracking.TestSDCCreationWithAllocation" name="test_available_managers_endpoint" time="0.106" /><testcase classname="backend.tests.test_allocation_tracking.TestAllocationTrackingIntegration" name="test_allocation_updates_after_sdc_creation" time="0.305" /><testcase classname="backend.tests.test_allocation_tracking.TestAllocationTrackingIntegration" name="test_fully_allocated_job_role_flag" time="0.163" /><testcase classname="backend.tests.test_allocation_tracking.TestEdgeCases" name="test_zero_target_job_role" time="0.626" /><testcase classname="backend.tests.test_allocation_tracking.TestEdgeCases" name="test_over_allocation_handling" time="0.160" /></testsuite></testsuites>