<?xml version="1.0" encoding="utf-8"?><testsuites name="pytest tests"><testsuite name="pytest" errors="0" failures="0" skipped="0" tests="10" time="2.536" timestamp="2026-02-18T07:43:13.924283+00:00" hostname="agent-env-bd04dc77-c5bb-43ff-b387-dbfadcda80f0"><testcase classname="backend.tests.test_resource_assignment.TestResourceSummary" name="test_resources_summary_returns_counts" time="0.257" /><testcase classname="backend.tests.test_resource_assignment.TestResourceSummary" name="test_initial_resources_all_available" time="0.112" /><testcase classname="backend.tests.test_resource_assignment.TestInfrastructureAssignment" name="test_assign_infrastructure_marks_as_in_use" time="0.241" /><testcase classname="backend.tests.test_resource_assignment.TestManagerAssignment" name="test_assign_manager_marks_as_assigned" time="0.256" /><testcase classname="backend.tests.test_resource_assignment.TestTrainerAssignment" name="test_assign_trainer_marks_as_assigned" time="0.266" /><testcase classname="backend.tests.test_resource_assignment.TestWorkOrderCompletion" name="test_complete_work_order_releases_resources" time="0.580" /><testcase classname="backend.tests.test_resource_assignment.TestWorkOrderCompletion" name="test_complete_already_completed_work_order" time="0.154" /><testcase classname="backend.tests.test_resource_assignment.TestResourceSummaryAfterOperations" name="test_summary_reflects_assignments" time="0.326" /><testcase classname="backend.tests.test_resource_assignment.TestMasterWorkOrderEndpoints" name="test_list_master_work_orders" time="0.107" /><testcase classname="backend.tests.test_resource_assignment.TestMasterWorkOrderEndpoints" name="test_get_single_master_work_order" time="0.153" /></testsuite></testsuites>