<?xml version="1.0" encoding="utf-8"?><testsuites name="pytest tests"><testsuite name="pytest" errors="0" failures="1" skipped="0" tests="19" time="1.724" timestamp="2026-02-18T08:45:12.814486+00:00" hostname="agent-env-bd04dc77-c5bb-43ff-b387-dbfadcda80f0"><testcase classname="backend.tests.test_reliability_features.TestBackendHealth" name="test_backend_starts_without_errors" time="0.122" /><testcase classname="backend.tests.test_reliability_features.TestBackendHealth" name="test_auth_returns_user_with_role" time="0.046" /><testcase classname="backend.tests.test_reliability_features.TestAuditLogsEndpoint" name="test_get_audit_logs_requires_auth" time="0.108" /><testcase classname="backend.tests.test_reliability_features.TestAuditLogsEndpoint" name="test_get_audit_logs_success" time="0.047" /><testcase classname="backend.tests.test_reliability_features.TestAuditLogsEndpoint" name="test_get_audit_logs_with_filters" time="0.153" /><testcase classname="backend.tests.test_reliability_features.TestDeletedItemsEndpoint" name="test_get_deleted_items_requires_auth" time="0.127" /><testcase classname="backend.tests.test_reliability_features.TestDeletedItemsEndpoint" name="test_get_deleted_items_success" time="0.056" /><testcase classname="backend.tests.test_reliability_features.TestDeletedItemsEndpoint" name="test_get_deleted_items_with_entity_type_filter" time="0.047" /><testcase classname="backend.tests.test_reliability_features.TestRestoreDeletedItem" name="test_restore_invalid_entity_type" time="0.049" /><testcase classname="backend.tests.test_reliability_features.TestRestoreDeletedItem" name="test_restore_nonexistent_item" time="0.050" /><testcase classname="backend.tests.test_reliability_features.TestDuplicateCheckEndpoint" name="test_duplicate_check_requires_auth" time="0.101" /><testcase classname="backend.tests.test_reliability_features.TestDuplicateCheckEndpoint" name="test_duplicate_check_success" time="0.050" /><testcase classname="backend.tests.test_reliability_features.TestDuplicateCheckEndpoint" name="test_duplicate_check_invalid_collection" time="0.053"><failure message="AssertionError: Expected 400, got 200&#10;assert 200 == 400&#10; +  where 200 = &lt;Response [200]&gt;.status_code">backend/tests/test_reliability_features.py:180: in test_duplicate_check_invalid_collection
    assert response.status_code == 400, f"Expected 400, got {response.status_code}"
E   AssertionError: Expected 400, got 200
E   assert 200 == 400
E    +  where 200 = &lt;Response [200]&gt;.status_code</failure></testcase><testcase classname="backend.tests.test_reliability_features.TestSoftDeleteSDC" name="test_delete_sdc_returns_recovery_info" time="0.120" /><testcase classname="backend.tests.test_reliability_features.TestSoftDeleteJobRole" name="test_delete_job_role_returns_recovery_info" time="0.101" /><testcase classname="backend.tests.test_reliability_features.TestRBACPermissions" name="test_users_endpoint_requires_ho_role" time="0.053" /><testcase classname="backend.tests.test_reliability_features.TestRBACPermissions" name="test_audit_logs_requires_ho_role" time="0.055" /><testcase classname="backend.tests.test_reliability_features.TestRBACPermissions" name="test_deleted_items_requires_ho_role" time="0.051" /><testcase classname="backend.tests.test_reliability_features.TestAuditLogCreation" name="test_role_update_creates_audit_log" time="0.264" /></testsuite></testsuites>