<?xml version="1.0" encoding="utf-8"?><testsuites name="pytest tests"><testsuite name="pytest" errors="0" failures="0" skipped="0" tests="34" time="2.125" timestamp="2026-02-19T10:34:06.068956+00:00" hostname="agent-env-2adb7539-20df-489e-9a02-ce5d3067288f"><testcase classname="backend.tests.test_refactored_backend.TestRootEndpoints" name="test_api_root_returns_version" time="0.181" /><testcase classname="backend.tests.test_refactored_backend.TestRootEndpoints" name="test_training_stages_endpoint" time="0.049" /><testcase classname="backend.tests.test_refactored_backend.TestAuthEndpoints" name="test_auth_me_returns_user_data" time="0.049" /><testcase classname="backend.tests.test_refactored_backend.TestAuthEndpoints" name="test_auth_me_without_token_returns_401" time="0.106" /><testcase classname="backend.tests.test_refactored_backend.TestDashboardEndpoints" name="test_dashboard_overview" time="0.050" /><testcase classname="backend.tests.test_refactored_backend.TestDashboardEndpoints" name="test_dashboard_alerts" time="0.054" /><testcase classname="backend.tests.test_refactored_backend.TestSDCEndpoints" name="test_list_sdcs" time="0.052" /><testcase classname="backend.tests.test_refactored_backend.TestSDCEndpoints" name="test_get_sdc_detail" time="0.098" /><testcase classname="backend.tests.test_refactored_backend.TestSDCEndpoints" name="test_get_sdc_process_status" time="0.102" /><testcase classname="backend.tests.test_refactored_backend.TestSDCEndpoints" name="test_get_nonexistent_sdc_returns_404" time="0.051" /><testcase classname="backend.tests.test_refactored_backend.TestJobRolesEndpoints" name="test_list_job_roles" time="0.054" /><testcase classname="backend.tests.test_refactored_backend.TestJobRolesEndpoints" name="test_list_active_job_roles" time="0.048" /><testcase classname="backend.tests.test_refactored_backend.TestJobRolesEndpoints" name="test_create_job_role" time="0.063" /><testcase classname="backend.tests.test_refactored_backend.TestMasterWorkOrdersEndpoints" name="test_list_master_work_orders" time="0.057" /><testcase classname="backend.tests.test_refactored_backend.TestMasterWorkOrdersEndpoints" name="test_get_master_summary" time="0.051" /><testcase classname="backend.tests.test_refactored_backend.TestTrainersEndpoints" name="test_list_trainers" time="0.058" /><testcase classname="backend.tests.test_refactored_backend.TestTrainersEndpoints" name="test_list_available_trainers" time="0.055" /><testcase classname="backend.tests.test_refactored_backend.TestTrainersEndpoints" name="test_create_trainer" time="0.050" /><testcase classname="backend.tests.test_refactored_backend.TestManagersEndpoints" name="test_list_managers" time="0.046" /><testcase classname="backend.tests.test_refactored_backend.TestManagersEndpoints" name="test_list_available_managers" time="0.046" /><testcase classname="backend.tests.test_refactored_backend.TestManagersEndpoints" name="test_create_manager" time="0.047" /><testcase classname="backend.tests.test_refactored_backend.TestInfrastructureEndpoints" name="test_list_infrastructure" time="0.047" /><testcase classname="backend.tests.test_refactored_backend.TestInfrastructureEndpoints" name="test_list_available_infrastructure" time="0.048" /><testcase classname="backend.tests.test_refactored_backend.TestInfrastructureEndpoints" name="test_create_infrastructure" time="0.048" /><testcase classname="backend.tests.test_refactored_backend.TestResourcesSummaryEndpoints" name="test_resources_summary" time="0.047" /><testcase classname="backend.tests.test_refactored_backend.TestUsersEndpoints" name="test_list_users" time="0.047" /><testcase classname="backend.tests.test_refactored_backend.TestUsersEndpoints" name="test_audit_logs" time="0.052" /><testcase classname="backend.tests.test_refactored_backend.TestUsersEndpoints" name="test_deleted_items" time="0.048" /><testcase classname="backend.tests.test_refactored_backend.TestWorkOrdersEndpoints" name="test_list_work_orders" time="0.055" /><testcase classname="backend.tests.test_refactored_backend.TestWorkOrdersEndpoints" name="test_create_work_order" time="0.058" /><testcase classname="backend.tests.test_refactored_backend.TestInvoicesEndpoints" name="test_list_invoices" time="0.048" /><testcase classname="backend.tests.test_refactored_backend.TestInvoicesEndpoints" name="test_create_invoice" time="0.102" /><testcase classname="backend.tests.test_refactored_backend.TestHolidaysEndpoints" name="test_list_holidays" time="0.053" /><testcase classname="backend.tests.test_refactored_backend.TestHolidaysEndpoints" name="test_create_holiday" time="0.046" /></testsuite></testsuites>