<?xml version="1.0" encoding="utf-8"?><testsuites name="pytest tests"><testsuite name="pytest" errors="0" failures="0" skipped="0" tests="14" time="1.927" timestamp="2026-02-19T12:03:11.291034+00:00" hostname="agent-env-2adb7539-20df-489e-9a02-ce5d3067288f"><testcase classname="backend.tests.test_rbac_and_calendar.TestRefinedRBAC" name="test_ho_can_access_any_sdc" time="0.165" /><testcase classname="backend.tests.test_rbac_and_calendar.TestRefinedRBAC" name="test_ho_can_update_any_sdc_process_stage" time="0.232" /><testcase classname="backend.tests.test_rbac_and_calendar.TestRefinedRBAC" name="test_manager_can_read_all_sdcs" time="0.111" /><testcase classname="backend.tests.test_rbac_and_calendar.TestRefinedRBAC" name="test_manager_can_update_assigned_sdc" time="0.106" /><testcase classname="backend.tests.test_rbac_and_calendar.TestRefinedRBAC" name="test_manager_cannot_update_unassigned_sdc" time="0.130" /><testcase classname="backend.tests.test_rbac_and_calendar.TestRefinedRBAC" name="test_manager_cannot_update_deliverable_on_unassigned_sdc" time="0.125" /><testcase classname="backend.tests.test_rbac_and_calendar.TestResourceCalendarAPI" name="test_resource_calendar_endpoint_exists" time="0.120" /><testcase classname="backend.tests.test_rbac_and_calendar.TestResourceCalendarAPI" name="test_resource_calendar_grouped_structure" time="0.165" /><testcase classname="backend.tests.test_rbac_and_calendar.TestResourceCalendarAPI" name="test_resource_calendar_summary_structure" time="0.132" /><testcase classname="backend.tests.test_rbac_and_calendar.TestResourceCalendarAPI" name="test_resource_calendar_filter_by_type" time="0.115" /><testcase classname="backend.tests.test_rbac_and_calendar.TestResourceCalendarAPI" name="test_resource_calendar_resource_structure" time="0.120" /><testcase classname="backend.tests.test_rbac_and_calendar.TestResourceRelease" name="test_resource_release_endpoint_exists" time="0.105" /><testcase classname="backend.tests.test_rbac_and_calendar.TestResourceRelease" name="test_resource_release_requires_ho_role" time="0.123" /><testcase classname="backend.tests.test_rbac_and_calendar.TestResourceCalendarIntegration" name="test_calendar_shows_assigned_resources_with_sdc_info" time="0.121" /></testsuite></testsuites>